************************************************************************

AQUASIM Version 2.1g (win/mfc) - List File

************************************************************************

Date and time of listing:  06/26/2017  01:52:15

Name of plot: DOC


Type:	Argument	Value	Argument	Value
Variable:	t	SO_real	t	SO
Parameter:				
CalcNum:		0		0
Compart.:		CSTR		CSTR
Zone:		Bulk Volume		Bulk Volume
Time/Space:		0		0
Unit:	h	mg/L	h	mg/L
Legend:		meas. SO		SO
	0	0.19	0	0.19
	0.001389	0.19	0.05	1.908
	0.002778	0.2037	0.1	3.151
	0.004167	0.2411	0.15	4.05
	0.005556	0.2903	0.2	4.7
	0.006944	0.373	0.25	5.171
	0.008333	0.434	0.3	5.511
	0.009722	0.5187	0.35	5.757
	0.01111	0.5974	0.4	5.935
	0.0125	0.6663	0.45	6.064
	0.01389	0.7411	0.5	6.157
	0.01528	0.808		
	0.01667	0.9025		
	0.01806	0.9675		
	0.01944	1.019		
	0.02083	1.131		
	0.02222	1.188		
	0.02361	1.265		
	0.025	1.336		
	0.02639	1.41		
	0.02778	1.446		
	0.02917	1.495		
	0.03056	1.564		
	0.03194	1.615		
	0.03333	1.684		
	0.03472	1.739		
	0.03611	1.765		
	0.0375	1.877		
	0.03889	1.954		
	0.04028	1.983		
	0.04167	2.017		
	0.04306	2.066		
	0.04444	2.121		
	0.04583	2.198		
	0.04722	2.227		
	0.04861	2.249		
	0.05	2.312		
	0.05139	2.367		
	0.05278	2.404		
	0.05417	2.436		
	0.05556	2.489		
	0.05694	2.519		
	0.05833	2.544		
	0.05972	2.593		
	0.06111	2.631		
	0.0625	2.641		
	0.06389	2.711		
	0.06528	2.767		
	0.06667	2.798		
	0.06806	2.835		
	0.06944	2.849		
	0.07083	2.867		
	0.07222	2.914		
	0.07361	2.934		
	0.075	2.961		
	0.07639	2.999		
	0.07778	3.013		
	0.07917	3.062		
	0.08056	3.109		
	0.08194	3.139		
	0.08333	3.182		
	0.08472	3.194		
	0.08611	3.202		
	0.0875	3.215		
	0.08889	3.251		
	0.09028	3.29		
	0.09167	3.316		
	0.09306	3.345		
	0.09444	3.343		
	0.09583	3.365		
	0.09722	3.424		
	0.09861	3.442		
	0.1	3.428		
	0.1014	3.473		
	0.1028	3.509		
	0.1042	3.507		
	0.1056	3.53		
	0.1069	3.546		
	0.1083	3.54		
	0.1097	3.579		
	0.1111	3.595		
	0.1125	3.575		
	0.1139	3.599		
	0.1153	3.656		
	0.1167	3.658		
	0.1181	3.674		
	0.1194	3.694		
	0.1208	3.697		
	0.1222	3.719		
	0.1236	3.721		
	0.125	3.741		
	0.1264	3.745		
	0.1278	3.766		
	0.1292	3.792		
	0.1306	3.79		
	0.1319	3.808		
	0.1333	3.833		
	0.1347	3.867		
	0.1361	3.867		
	0.1375	3.879		
	0.1389	3.888		
	0.1403	3.884		
	0.1417	3.879		
	0.1431	3.892		
	0.1444	3.953		
	0.1458	3.967		
	0.1472	3.957		
	0.1486	3.953		
	0.15	3.949		
	0.1514	3.951		
	0.1528	3.965		
	0.1542	3.973		
	0.1556	3.979		
	0.1569	4.034		
	0.1583	3.997		
	0.1597	4.003		
	0.1611	4.026		
	0.1625	4.06		
	0.1639	4.052		
	0.1653	4.054		
	0.1667	4.04		
	0.1681	4.038		
	0.1694	4.03		
	0.1708	4.022		
	0.1722	4.018		
	0.1736	4.042		
	0.175	4.054		
	0.1764	4.042		
	0.1778	4.079		
	0.1792	4.091		
	0.1806	4.101		
	0.1819	4.087		
	0.1833	4.056		
	0.1847	4.077		
	0.1861	4.089		
	0.1875	4.075		
	0.1889	4.06		
	0.1903	4.075		
	0.1917	4.081		
	0.1931	4.077		
	0.1944	4.105		
	0.1958	4.127		
	0.1972	4.085		
	0.1986	4.101		
	0.2	4.091		
	0.2014	4.081		
	0.2028	4.079		
	0.2042	4.113		
	0.2056	4.113		
	0.2069	4.121		
	0.2083	4.109		
	0.2097	4.123		
	0.2111	4.091		
	0.2125	4.107		
	0.2139	4.119		
	0.2153	4.097		
	0.2167	4.06		
	0.2181	4.101		
	0.2194	4.109		
	0.2208	4.103		
	0.2222	4.093		
	0.2236	4.101		
	0.225	4.127		
	0.2264	4.121		
	0.2278	4.121		
	0.2292	4.129		
	0.2306	4.105		
	0.2319	4.089		
	0.2333	4.127		
	0.2347	4.148		
	0.2361	4.14		
	0.2375	4.129		
	0.2389	4.136		
	0.2403	4.132		
	0.2417	4.13		
	0.2431	4.127		
	0.2444	4.111		
	0.2458	4.091		
	0.2472	4.101		
	0.2486	4.109		
	0.25	4.093		
	0.2514	4.089		
	0.2528	4.089		
	0.2542	4.125		
	0.2556	4.13		
	0.2569	4.117		
	0.2583	4.125		
	0.2597	4.109		
	0.2611	4.117		
	0.2625	4.115		
	0.2639	4.113		
	0.2653	4.097		
	0.2667	4.107		
	0.2681	4.127		
	0.2694	4.134		
	0.2708	4.107		
	0.2722	4.107		
	0.2736	4.093		
	0.275	4.103		
	0.2764	4.095		
	0.2778	4.113		
	0.2792	4.105		
	0.2806	4.101		
	0.2819	4.066		
	0.2833	4.054		
	0.2847	4.068		
	0.2861	4.069		
	0.2875	4.062		
	0.2889	4.04		
	0.2903	4.058		
	0.2917	4.022		
	0.2931	4.04		
	0.2944	4.077		
	0.2958	4.05		
	0.2972	4.04		
	0.2986	4.016		
	0.3	4.001		
	0.3014	4.02		
	0.3028	4.007		
	0.3042	4.058		
	0.3056	4.06		
	0.3069	4.048		
	0.3083	4.02		
	0.3097	4.007		
	0.3111	4.05		
	0.3125	4.036		
	0.3139	4.032		
	0.3153	4.018		
	0.3167	4.048		
	0.3181	4.032		
	0.3194	4.077		
	0.3208	4.064		
	0.3222	4.048		
	0.3236	4.024		
	0.325	4.042		
	0.3264	4.003		
	0.3278	3.997		
	0.3292	4.028		
	0.3306	3.991		
	0.3319	4.003		
	0.3333	4.005		
	0.3347	4.012		
	0.3361	4.003		
	0.3375	4.008		
	0.3389	3.991		
	0.3403	4.001		
	0.3417	4.001		
	0.3431	4.032		
	0.3444	4.008		
	0.3458	4.008		
	0.3472	3.997		
	0.3486	4.005		
	0.35	4.007		
	0.3514	3.973		
	0.3528	4.008		
	0.3542	4.02		
	0.3556	4.028		
	0.3569	4.036		
	0.3583	4.016		
	0.3597	3.977		
	0.3611	3.981		
	0.3625	3.983		
	0.3639	3.961		
	0.3653	3.993		
	0.3667	3.975		
	0.3681	3.951		
	0.3694	3.944		
	0.3708	3.969		
	0.3722	3.953		
	0.3736	3.94		
	0.375	3.965		
	0.3764	3.987		
	0.3778	3.969		
	0.3792	3.957		
	0.3806	3.979		
	0.3819	3.971		
	0.3833	4.001		
	0.3847	3.981		
	0.3861	3.971		
	0.3875	3.971		
	0.3889	3.991		
	0.3903	4.016		



************************************************************************

AQUASIM Version 2.1g (win/mfc) - List File

************************************************************************

Date and time of listing:  06/26/2017  02:04:50

Name of plot: SensitivityAnalysis


Type:	Argument	SensAR	Argument	SensAR	Argument	SensAR	Argument	SensAR
Variable:	t	SO	t	SO	t	SO	t	SO
Parameter:		SO_ini		QO2		K_La		SO_sat
CalcNum:		0		0		0		0
Compart.:		CSTR		CSTR		CSTR		CSTR
Zone:		Bulk Volume		Bulk Volume		Bulk Volume		Bulk Volume
Time/Space:		0		0		0		0
Unit:	h	mg/L	h	mg/L	h	mg/L	h	mg/L
Legend:		SO_ini		QO2		KLa		SO_sat
	0	0.19	0	0	0	0	0	0
	0.05	0.1374	0.05	0	0.05	1.455	0.05	1.771
	0.1	0.09937	0.1	0	0.1	2.105	0.1	3.052
	0.15	0.07187	0.15	0	0.15	2.284	0.15	3.978
	0.2	0.05198	0.2	0	0.2	2.202	0.2	4.648
	0.25	0.0376	0.25	0	0.25	1.991	0.25	5.133
	0.3	0.0272	0.3	0	0.3	1.728	0.3	5.484
	0.35	0.01967	0.35	0	0.35	1.458	0.35	5.737
	0.4	0.01423	0.4	0	0.4	1.205	0.4	5.921
	0.45	0.01028	0.45	0	0.45	0.9808	0.45	6.053
	0.5	0.007436	0.5	0	0.5	0.7882	0.5	6.149



************************************************************************

AQUASIM Version 2.1g (win/mfc) - List File

************************************************************************

Date and time of listing:  06/26/2017  02:05:32

Name of plot: DOC


Type:	Argument	Value	Argument	Value	LowBound	UpBound
Variable:	t	SO_real	t	SO	SO	SO
Parameter:						
CalcNum:		0		0	0	0
Compart.:		CSTR		CSTR	CSTR	CSTR
Zone:		Bulk Volume		Bulk Volume	Bulk Volume	Bulk Volume
Time/Space:		0		0	0	0
Unit:	h	mg/L	h	mg/L	mg/L	mg/L
Legend:		meas. SO		SO		
	0	0.19	0	0.19	-0.81	1.19
	0.001389	0.19	0.05	1.908	1.134	2.683
	0.002778	0.2037	0.1	3.151	2.443	3.859
	0.004167	0.2411	0.15	4.05	3.323	4.778
	0.005556	0.2903	0.2	4.7	3.924	5.477
	0.006944	0.373	0.25	5.171	4.345	5.997
	0.008333	0.434	0.3	5.511	4.642	6.38
	0.009722	0.5187	0.35	5.757	4.854	6.659
	0.01111	0.5974	0.4	5.935	5.007	6.863
	0.0125	0.6663	0.45	6.064	5.116	7.011
	0.01389	0.7411	0.5	6.157	5.195	7.118
	0.01528	0.808				
	0.01667	0.9025				
	0.01806	0.9675				
	0.01944	1.019				
	0.02083	1.131				
	0.02222	1.188				
	0.02361	1.265				
	0.025	1.336				
	0.02639	1.41				
	0.02778	1.446				
	0.02917	1.495				
	0.03056	1.564				
	0.03194	1.615				
	0.03333	1.684				
	0.03472	1.739				
	0.03611	1.765				
	0.0375	1.877				
	0.03889	1.954				
	0.04028	1.983				
	0.04167	2.017				
	0.04306	2.066				
	0.04444	2.121				
	0.04583	2.198				
	0.04722	2.227				
	0.04861	2.249				
	0.05	2.312				
	0.05139	2.367				
	0.05278	2.404				
	0.05417	2.436				
	0.05556	2.489				
	0.05694	2.519				
	0.05833	2.544				
	0.05972	2.593				
	0.06111	2.631				
	0.0625	2.641				
	0.06389	2.711				
	0.06528	2.767				
	0.06667	2.798				
	0.06806	2.835				
	0.06944	2.849				
	0.07083	2.867				
	0.07222	2.914				
	0.07361	2.934				
	0.075	2.961				
	0.07639	2.999				
	0.07778	3.013				
	0.07917	3.062				
	0.08056	3.109				
	0.08194	3.139				
	0.08333	3.182				
	0.08472	3.194				
	0.08611	3.202				
	0.0875	3.215				
	0.08889	3.251				
	0.09028	3.29				
	0.09167	3.316				
	0.09306	3.345				
	0.09444	3.343				
	0.09583	3.365				
	0.09722	3.424				
	0.09861	3.442				
	0.1	3.428				
	0.1014	3.473				
	0.1028	3.509				
	0.1042	3.507				
	0.1056	3.53				
	0.1069	3.546				
	0.1083	3.54				
	0.1097	3.579				
	0.1111	3.595				
	0.1125	3.575				
	0.1139	3.599				
	0.1153	3.656				
	0.1167	3.658				
	0.1181	3.674				
	0.1194	3.694				
	0.1208	3.697				
	0.1222	3.719				
	0.1236	3.721				
	0.125	3.741				
	0.1264	3.745				
	0.1278	3.766				
	0.1292	3.792				
	0.1306	3.79				
	0.1319	3.808				
	0.1333	3.833				
	0.1347	3.867				
	0.1361	3.867				
	0.1375	3.879				
	0.1389	3.888				
	0.1403	3.884				
	0.1417	3.879				
	0.1431	3.892				
	0.1444	3.953				
	0.1458	3.967				
	0.1472	3.957				
	0.1486	3.953				
	0.15	3.949				
	0.1514	3.951				
	0.1528	3.965				
	0.1542	3.973				
	0.1556	3.979				
	0.1569	4.034				
	0.1583	3.997				
	0.1597	4.003				
	0.1611	4.026				
	0.1625	4.06				
	0.1639	4.052				
	0.1653	4.054				
	0.1667	4.04				
	0.1681	4.038				
	0.1694	4.03				
	0.1708	4.022				
	0.1722	4.018				
	0.1736	4.042				
	0.175	4.054				
	0.1764	4.042				
	0.1778	4.079				
	0.1792	4.091				
	0.1806	4.101				
	0.1819	4.087				
	0.1833	4.056				
	0.1847	4.077				
	0.1861	4.089				
	0.1875	4.075				
	0.1889	4.06				
	0.1903	4.075				
	0.1917	4.081				
	0.1931	4.077				
	0.1944	4.105				
	0.1958	4.127				
	0.1972	4.085				
	0.1986	4.101				
	0.2	4.091				
	0.2014	4.081				
	0.2028	4.079				
	0.2042	4.113				
	0.2056	4.113				
	0.2069	4.121				
	0.2083	4.109				
	0.2097	4.123				
	0.2111	4.091				
	0.2125	4.107				
	0.2139	4.119				
	0.2153	4.097				
	0.2167	4.06				
	0.2181	4.101				
	0.2194	4.109				
	0.2208	4.103				
	0.2222	4.093				
	0.2236	4.101				
	0.225	4.127				
	0.2264	4.121				
	0.2278	4.121				
	0.2292	4.129				
	0.2306	4.105				
	0.2319	4.089				
	0.2333	4.127				
	0.2347	4.148				
	0.2361	4.14				
	0.2375	4.129				
	0.2389	4.136				
	0.2403	4.132				
	0.2417	4.13				
	0.2431	4.127				
	0.2444	4.111				
	0.2458	4.091				
	0.2472	4.101				
	0.2486	4.109				
	0.25	4.093				
	0.2514	4.089				
	0.2528	4.089				
	0.2542	4.125				
	0.2556	4.13				
	0.2569	4.117				
	0.2583	4.125				
	0.2597	4.109				
	0.2611	4.117				
	0.2625	4.115				
	0.2639	4.113				
	0.2653	4.097				
	0.2667	4.107				
	0.2681	4.127				
	0.2694	4.134				
	0.2708	4.107				
	0.2722	4.107				
	0.2736	4.093				
	0.275	4.103				
	0.2764	4.095				
	0.2778	4.113				
	0.2792	4.105				
	0.2806	4.101				
	0.2819	4.066				
	0.2833	4.054				
	0.2847	4.068				
	0.2861	4.069				
	0.2875	4.062				
	0.2889	4.04				
	0.2903	4.058				
	0.2917	4.022				
	0.2931	4.04				
	0.2944	4.077				
	0.2958	4.05				
	0.2972	4.04				
	0.2986	4.016				
	0.3	4.001				
	0.3014	4.02				
	0.3028	4.007				
	0.3042	4.058				
	0.3056	4.06				
	0.3069	4.048				
	0.3083	4.02				
	0.3097	4.007				
	0.3111	4.05				
	0.3125	4.036				
	0.3139	4.032				
	0.3153	4.018				
	0.3167	4.048				
	0.3181	4.032				
	0.3194	4.077				
	0.3208	4.064				
	0.3222	4.048				
	0.3236	4.024				
	0.325	4.042				
	0.3264	4.003				
	0.3278	3.997				
	0.3292	4.028				
	0.3306	3.991				
	0.3319	4.003				
	0.3333	4.005				
	0.3347	4.012				
	0.3361	4.003				
	0.3375	4.008				
	0.3389	3.991				
	0.3403	4.001				
	0.3417	4.001				
	0.3431	4.032				
	0.3444	4.008				
	0.3458	4.008				
	0.3472	3.997				
	0.3486	4.005				
	0.35	4.007				
	0.3514	3.973				
	0.3528	4.008				
	0.3542	4.02				
	0.3556	4.028				
	0.3569	4.036				
	0.3583	4.016				
	0.3597	3.977				
	0.3611	3.981				
	0.3625	3.983				
	0.3639	3.961				
	0.3653	3.993				
	0.3667	3.975				
	0.3681	3.951				
	0.3694	3.944				
	0.3708	3.969				
	0.3722	3.953				
	0.3736	3.94				
	0.375	3.965				
	0.3764	3.987				
	0.3778	3.969				
	0.3792	3.957				
	0.3806	3.979				
	0.3819	3.971				
	0.3833	4.001				
	0.3847	3.981				
	0.3861	3.971				
	0.3875	3.971				
	0.3889	3.991				
	0.3903	4.016				



************************************************************************

AQUASIM Version 2.1g (win/mfc) - List File

************************************************************************

Date and time of listing:  06/26/2017  02:28:57

Name of plot: DOC


Type:	Argument	Value	Argument	Value
Variable:	t	SO_real	t	SO
Parameter:				
CalcNum:		0		0
Compart.:		CSTR		CSTR
Zone:		Bulk Volume		Bulk Volume
Time/Space:		0		0
Unit:	h	mg/L	h	mg/L
Legend:		meas. SO		SO
	0	0.19	0	0.19
	0.001389	0.19	0.001389	0.2346
	0.002778	0.2037	0.002778	0.2789
	0.004167	0.2411	0.004167	0.3227
	0.005556	0.2903	0.005556	0.3662
	0.006944	0.373	0.006944	0.4092
	0.008333	0.434	0.008333	0.4519
	0.009722	0.5187	0.009722	0.4942
	0.01111	0.5974	0.01111	0.5362
	0.0125	0.6663	0.0125	0.5777
	0.01389	0.7411	0.01389	0.6189
	0.01528	0.808	0.01528	0.6597
	0.01667	0.9025	0.01667	0.7001
	0.01806	0.9675	0.01806	0.7402
	0.01944	1.019	0.01944	0.7799
	0.02083	1.131	0.02083	0.8193
	0.02222	1.188	0.02222	0.8583
	0.02361	1.265	0.02361	0.897
	0.025	1.336	0.025	0.9353
	0.02639	1.41	0.02639	0.9733
	0.02778	1.446	0.02778	1.011
	0.02917	1.495	0.02917	1.048
	0.03056	1.564	0.03056	1.085
	0.03194	1.615	0.03194	1.122
	0.03333	1.684	0.03333	1.158
	0.03472	1.739	0.03472	1.194
	0.03611	1.765	0.03611	1.23
	0.0375	1.877	0.0375	1.265
	0.03889	1.954	0.03889	1.3
	0.04028	1.983	0.04028	1.335
	0.04167	2.017	0.04167	1.369
	0.04306	2.066	0.04306	1.403
	0.04444	2.121	0.04444	1.437
	0.04583	2.198	0.04583	1.471
	0.04722	2.227	0.04722	1.504
	0.04861	2.249	0.04861	1.537
	0.05	2.312	0.05	1.569
	0.05139	2.367	0.05139	1.602
	0.05278	2.404	0.05278	1.634
	0.05417	2.436	0.05417	1.665
	0.05556	2.489	0.05556	1.697
	0.05694	2.519	0.05694	1.728
	0.05833	2.544	0.05833	1.759
	0.05972	2.593	0.05972	1.789
	0.06111	2.631	0.06111	1.82
	0.0625	2.641	0.0625	1.85
	0.06389	2.711	0.06389	1.879
	0.06528	2.767	0.06528	1.909
	0.06667	2.798	0.06667	1.938
	0.06806	2.835	0.06806	1.967
	0.06944	2.849	0.06944	1.996
	0.07083	2.867	0.07083	2.024
	0.07222	2.914	0.07222	2.053
	0.07361	2.934	0.07361	2.081
	0.075	2.961	0.075	2.108
	0.07639	2.999	0.07639	2.136
	0.07778	3.013	0.07778	2.163
	0.07917	3.062	0.07917	2.19
	0.08056	3.109	0.08056	2.217
	0.08194	3.139	0.08194	2.243
	0.08333	3.182	0.08333	2.269
	0.08472	3.194	0.08472	2.296
	0.08611	3.202	0.08611	2.321
	0.0875	3.215	0.0875	2.347
	0.08889	3.251	0.08889	2.372
	0.09028	3.29	0.09028	2.397
	0.09167	3.316	0.09167	2.422
	0.09306	3.345	0.09306	2.447
	0.09444	3.343	0.09444	2.471
	0.09583	3.365	0.09583	2.495
	0.09722	3.424	0.09722	2.519
	0.09861	3.442	0.09861	2.543
	0.1	3.428	0.1	2.567
	0.1014	3.473	0.1014	2.59
	0.1028	3.509	0.1028	2.613
	0.1042	3.507	0.1042	2.636
	0.1056	3.53	0.1056	2.659
	0.1069	3.546	0.1069	2.682
	0.1083	3.54	0.1083	2.704
	0.1097	3.579	0.1097	2.726
	0.1111	3.595	0.1111	2.748
	0.1125	3.575	0.1125	2.77
	0.1139	3.599	0.1139	2.791
	0.1153	3.656	0.1153	2.813
	0.1167	3.658	0.1167	2.834
	0.1181	3.674	0.1181	2.855
	0.1194	3.694	0.1194	2.875
	0.1208	3.697	0.1208	2.896
	0.1222	3.719	0.1222	2.916
	0.1236	3.721	0.1236	2.937
	0.125	3.741	0.125	2.957
	0.1264	3.745	0.1264	2.977
	0.1278	3.766	0.1278	2.996
	0.1292	3.792	0.1292	3.016
	0.1306	3.79	0.1306	3.035
	0.1319	3.808	0.1319	3.054
	0.1333	3.833	0.1333	3.073
	0.1347	3.867	0.1347	3.092
	0.1361	3.867	0.1361	3.111
	0.1375	3.879	0.1375	3.129
	0.1389	3.888	0.1389	3.148
	0.1403	3.884	0.1403	3.166
	0.1417	3.879	0.1417	3.184
	0.1431	3.892	0.1431	3.202
	0.1444	3.953	0.1444	3.219
	0.1458	3.967	0.1458	3.237
	0.1472	3.957	0.1472	3.254
	0.1486	3.953	0.1486	3.271
	0.15	3.949	0.15	3.288
	0.1514	3.951	0.1514	3.305
	0.1528	3.965	0.1528	3.322
	0.1542	3.973	0.1542	3.339
	0.1556	3.979	0.1556	3.355
	0.1569	4.034	0.1569	3.371
	0.1583	3.997	0.1583	3.388
	0.1597	4.003	0.1597	3.404
	0.1611	4.026	0.1611	3.419
	0.1625	4.06	0.1625	3.435
	0.1639	4.052	0.1639	3.451
	0.1653	4.054	0.1653	3.466
	0.1667	4.04	0.1667	3.481
	0.1681	4.038	0.1681	3.497
	0.1694	4.03	0.1694	3.512
	0.1708	4.022	0.1708	3.527
	0.1722	4.018	0.1722	3.541
	0.1736	4.042	0.1736	3.556
	0.175	4.054	0.175	3.57
	0.1764	4.042	0.1764	3.585
	0.1778	4.079	0.1778	3.599
	0.1792	4.091	0.1792	3.613
	0.1806	4.101	0.1806	3.627
	0.1819	4.087	0.1819	3.641
	0.1833	4.056	0.1833	3.655
	0.1847	4.077	0.1847	3.668
	0.1861	4.089	0.1861	3.682
	0.1875	4.075	0.1875	3.695
	0.1889	4.06	0.1889	3.708
	0.1903	4.075	0.1903	3.722
	0.1917	4.081	0.1917	3.735
	0.1931	4.077	0.1931	3.747
	0.1944	4.105	0.1944	3.76
	0.1958	4.127	0.1958	3.773
	0.1972	4.085	0.1972	3.785
	0.1986	4.101	0.1986	3.798
	0.2	4.091	0.2	3.81
	0.2014	4.081	0.2014	3.822
	0.2028	4.079	0.2028	3.835
	0.2042	4.113	0.2042	3.847
	0.2056	4.113	0.2056	3.858
	0.2069	4.121	0.2069	3.87
	0.2083	4.109	0.2083	3.882
	0.2097	4.123	0.2097	3.894
	0.2111	4.091	0.2111	3.905
	0.2125	4.107	0.2125	3.916
	0.2139	4.119	0.2139	3.928
	0.2153	4.097	0.2153	3.939
	0.2167	4.06	0.2167	3.95
	0.2181	4.101	0.2181	3.961
	0.2194	4.109	0.2194	3.972
	0.2208	4.103	0.2208	3.983
	0.2222	4.093	0.2222	3.993
	0.2236	4.101	0.2236	4.004
	0.225	4.127	0.225	4.014
	0.2264	4.121	0.2264	4.025
	0.2278	4.121	0.2278	4.035
	0.2292	4.129	0.2292	4.045
	0.2306	4.105	0.2306	4.055
	0.2319	4.089	0.2319	4.065
	0.2333	4.127	0.2333	4.075
	0.2347	4.148	0.2347	4.085
	0.2361	4.14	0.2361	4.095
	0.2375	4.129	0.2375	4.105
	0.2389	4.136	0.2389	4.114
	0.2403	4.132	0.2403	4.124
	0.2417	4.13	0.2417	4.133
	0.2431	4.127	0.2431	4.142
	0.2444	4.111	0.2444	4.152
	0.2458	4.091	0.2458	4.161
	0.2472	4.101	0.2472	4.17
	0.2486	4.109	0.2486	4.179
	0.25	4.093	0.25	4.188
	0.2514	4.089	0.2514	4.197
	0.2528	4.089	0.2528	4.205
	0.2542	4.125	0.2542	4.214
	0.2556	4.13	0.2556	4.223
	0.2569	4.117	0.2569	4.231
	0.2583	4.125	0.2583	4.24
	0.2597	4.109	0.2597	4.248
	0.2611	4.117	0.2611	4.256
	0.2625	4.115	0.2625	4.264
	0.2639	4.113	0.2639	4.273
	0.2653	4.097	0.2653	4.281
	0.2667	4.107	0.2667	4.289
	0.2681	4.127	0.2681	4.297
	0.2694	4.134	0.2694	4.305
	0.2708	4.107	0.2708	4.312
	0.2722	4.107	0.2722	4.32
	0.2736	4.093	0.2736	4.328
	0.275	4.103	0.275	4.335
	0.2764	4.095	0.2764	4.343
	0.2778	4.113	0.2778	4.35
	0.2792	4.105	0.2792	4.358
	0.2806	4.101	0.2806	4.365
	0.2819	4.066	0.2819	4.372
	0.2833	4.054	0.2833	4.379
	0.2847	4.068	0.2847	4.387
	0.2861	4.069	0.2861	4.394
	0.2875	4.062	0.2875	4.401
	0.2889	4.04	0.2889	4.407
	0.2903	4.058	0.2903	4.414
	0.2917	4.022	0.2917	4.421
	0.2931	4.04	0.2931	4.428
	0.2944	4.077	0.2944	4.435
	0.2958	4.05	0.2958	4.441
	0.2972	4.04	0.2972	4.448
	0.2986	4.016	0.2986	4.454
	0.3	4.001	0.3	4.461
	0.3014	4.02	0.3014	4.467
	0.3028	4.007	0.3028	4.473
	0.3042	4.058	0.3042	4.48
	0.3056	4.06	0.3056	4.486
	0.3069	4.048	0.3069	4.492
	0.3083	4.02	0.3083	4.498
	0.3097	4.007	0.3097	4.504
	0.3111	4.05	0.3111	4.51
	0.3125	4.036	0.3125	4.516
	0.3139	4.032	0.3139	4.522
	0.3153	4.018	0.3153	4.528
	0.3167	4.048	0.3167	4.534
	0.3181	4.032	0.3181	4.54
	0.3194	4.077	0.3194	4.545
	0.3208	4.064	0.3208	4.551
	0.3222	4.048	0.3222	4.556
	0.3236	4.024	0.3236	4.562
	0.325	4.042	0.325	4.567
	0.3264	4.003	0.3264	4.573
	0.3278	3.997	0.3278	4.578
	0.3292	4.028	0.3292	4.584
	0.3306	3.991	0.3306	4.589
	0.3319	4.003	0.3319	4.594
	0.3333	4.005	0.3333	4.599
	0.3347	4.012	0.3347	4.605
	0.3361	4.003	0.3361	4.61
	0.3375	4.008	0.3375	4.615
	0.3389	3.991	0.3389	4.62
	0.3403	4.001	0.3403	4.625
	0.3417	4.001	0.3417	4.63
	0.3431	4.032	0.3431	4.634
	0.3444	4.008	0.3444	4.639
	0.3458	4.008	0.3458	4.644
	0.3472	3.997	0.3472	4.649
	0.3486	4.005	0.3486	4.654
	0.35	4.007	0.35	4.658
	0.3514	3.973	0.3514	4.663
	0.3528	4.008	0.3528	4.667
	0.3542	4.02	0.3542	4.672
	0.3556	4.028	0.3556	4.676
	0.3569	4.036	0.3569	4.681
	0.3583	4.016	0.3583	4.685
	0.3597	3.977	0.3597	4.69
	0.3611	3.981	0.3611	4.694
	0.3625	3.983	0.3625	4.698
	0.3639	3.961	0.3639	4.703
	0.3653	3.993	0.3653	4.707
	0.3667	3.975	0.3667	4.711
	0.3681	3.951	0.3681	4.715
	0.3694	3.944	0.3694	4.719
	0.3708	3.969	0.3708	4.723
	0.3722	3.953	0.3722	4.727
	0.3736	3.94	0.3736	4.731
	0.375	3.965	0.375	4.735
	0.3764	3.987	0.3764	4.739
	0.3778	3.969	0.3778	4.743
	0.3792	3.957	0.3792	4.747
	0.3806	3.979	0.3806	4.751
	0.3819	3.971	0.3819	4.755
	0.3833	4.001	0.3833	4.758
	0.3847	3.981	0.3847	4.762
	0.3861	3.971	0.3861	4.766
	0.3875	3.971	0.3875	4.77
	0.3889	3.991	0.3889	4.773
	0.3903	4.016	0.3903	4.777



